{"/home/gervais/Documents/__projects/class/testing/todo-express-test/mongodb/model.js": {"path":"/home/gervais/Documents/__projects/class/testing/todo-express-test/mongodb/model.js","statementMap":{"0":{"start":{"line":1,"column":17},"end":{"line":1,"column":36}},"1":{"start":{"line":3,"column":14},"end":{"line":8,"column":25}},"2":{"start":{"line":9,"column":0},"end":{"line":9,"column":52}}},"fnMap":{},"branchMap":{},"s":{"0":1,"1":1,"2":1},"f":{},"b":{},"_coverageSchema":"1a1c01bbd47fc00a2c39e90264f33305004495a9","hash":"7f61cf61179b73b0a19ed52e702a2e874ca7c9a4"}
,"/home/gervais/Documents/__projects/class/testing/todo-express-test/mongodb/services.js": {"path":"/home/gervais/Documents/__projects/class/testing/todo-express-test/mongodb/services.js","statementMap":{"0":{"start":{"line":1,"column":17},"end":{"line":1,"column":44}},"1":{"start":{"line":2,"column":17},"end":{"line":2,"column":35}},"2":{"start":{"line":3,"column":15},"end":{"line":3,"column":41}},"3":{"start":{"line":4,"column":0},"end":{"line":4,"column":49}},"4":{"start":{"line":8,"column":18},"end":{"line":8,"column":70}},"5":{"start":{"line":9,"column":8},"end":{"line":9,"column":30}},"6":{"start":{"line":11,"column":4},"end":{"line":11,"column":42}},"7":{"start":{"line":15,"column":20},"end":{"line":15,"column":54}},"8":{"start":{"line":16,"column":8},"end":{"line":21,"column":9}},"9":{"start":{"line":17,"column":12},"end":{"line":17,"column":36}},"10":{"start":{"line":18,"column":12},"end":{"line":18,"column":30}},"11":{"start":{"line":20,"column":12},"end":{"line":20,"column":24}},"12":{"start":{"line":23,"column":4},"end":{"line":23,"column":42}},"13":{"start":{"line":27,"column":20},"end":{"line":27,"column":54}},"14":{"start":{"line":28,"column":8},"end":{"line":32,"column":9}},"15":{"start":{"line":29,"column":12},"end":{"line":29,"column":23}},"16":{"start":{"line":31,"column":12},"end":{"line":31,"column":24}},"17":{"start":{"line":34,"column":4},"end":{"line":34,"column":40}},"18":{"start":{"line":38,"column":8},"end":{"line":40,"column":10}},"19":{"start":{"line":39,"column":12},"end":{"line":39,"column":31}},"20":{"start":{"line":39,"column":21},"end":{"line":39,"column":31}},"21":{"start":{"line":42,"column":4},"end":{"line":42,"column":42}},"22":{"start":{"line":46,"column":20},"end":{"line":46,"column":56}},"23":{"start":{"line":47,"column":17},"end":{"line":47,"column":27}},"24":{"start":{"line":48,"column":8},"end":{"line":52,"column":9}},"25":{"start":{"line":49,"column":12},"end":{"line":49,"column":21}},"26":{"start":{"line":51,"column":12},"end":{"line":51,"column":24}},"27":{"start":{"line":54,"column":4},"end":{"line":54,"column":42}},"28":{"start":{"line":58,"column":21},"end":{"line":58,"column":64}},"29":{"start":{"line":59,"column":20},"end":{"line":59,"column":49}},"30":{"start":{"line":60,"column":20},"end":{"line":60,"column":30}},"31":{"start":{"line":61,"column":18},"end":{"line":61,"column":81}},"32":{"start":{"line":62,"column":8},"end":{"line":62,"column":23}},"33":{"start":{"line":63,"column":8},"end":{"line":65,"column":10}},"34":{"start":{"line":64,"column":12},"end":{"line":64,"column":31}},"35":{"start":{"line":64,"column":21},"end":{"line":64,"column":31}},"36":{"start":{"line":67,"column":4},"end":{"line":67,"column":42}},"37":{"start":{"line":71,"column":20},"end":{"line":71,"column":49}},"38":{"start":{"line":72,"column":18},"end":{"line":72,"column":28}},"39":{"start":{"line":73,"column":8},"end":{"line":73,"column":52}},"40":{"start":{"line":73,"column":33},"end":{"line":73,"column":51}},"41":{"start":{"line":74,"column":8},"end":{"line":76,"column":10}},"42":{"start":{"line":75,"column":12},"end":{"line":75,"column":31}},"43":{"start":{"line":75,"column":21},"end":{"line":75,"column":31}},"44":{"start":{"line":78,"column":4},"end":{"line":78,"column":42}},"45":{"start":{"line":82,"column":20},"end":{"line":82,"column":49}},"46":{"start":{"line":83,"column":18},"end":{"line":83,"column":28}},"47":{"start":{"line":84,"column":20},"end":{"line":84,"column":55}},"48":{"start":{"line":84,"column":39},"end":{"line":84,"column":54}},"49":{"start":{"line":85,"column":8},"end":{"line":85,"column":32}},"50":{"start":{"line":86,"column":8},"end":{"line":86,"column":34}},"51":{"start":{"line":87,"column":8},"end":{"line":89,"column":10}},"52":{"start":{"line":88,"column":12},"end":{"line":88,"column":31}},"53":{"start":{"line":88,"column":21},"end":{"line":88,"column":31}},"54":{"start":{"line":91,"column":4},"end":{"line":91,"column":38}}},"fnMap":{"0":{"name":"createUser","decl":{"start":{"line":7,"column":19},"end":{"line":7,"column":29}},"loc":{"start":{"line":7,"column":49},"end":{"line":10,"column":5}},"line":7},"1":{"name":"checkEmail","decl":{"start":{"line":14,"column":19},"end":{"line":14,"column":29}},"loc":{"start":{"line":14,"column":37},"end":{"line":22,"column":5}},"line":14},"2":{"name":"checkAuth","decl":{"start":{"line":26,"column":19},"end":{"line":26,"column":28}},"loc":{"start":{"line":26,"column":42},"end":{"line":33,"column":5}},"line":26},"3":{"name":"deleteUser","decl":{"start":{"line":37,"column":19},"end":{"line":37,"column":29}},"loc":{"start":{"line":37,"column":34},"end":{"line":41,"column":5}},"line":37},"4":{"name":"(anonymous_4)","decl":{"start":{"line":38,"column":34},"end":{"line":38,"column":35}},"loc":{"start":{"line":38,"column":53},"end":{"line":40,"column":9}},"line":38},"5":{"name":"getTodoAll","decl":{"start":{"line":45,"column":19},"end":{"line":45,"column":29}},"loc":{"start":{"line":45,"column":34},"end":{"line":53,"column":5}},"line":45},"6":{"name":"createTodo","decl":{"start":{"line":57,"column":19},"end":{"line":57,"column":29}},"loc":{"start":{"line":57,"column":48},"end":{"line":66,"column":5}},"line":57},"7":{"name":"(anonymous_7)","decl":{"start":{"line":63,"column":49},"end":{"line":63,"column":50}},"loc":{"start":{"line":63,"column":68},"end":{"line":65,"column":9}},"line":63},"8":{"name":"deleteTodo","decl":{"start":{"line":70,"column":19},"end":{"line":70,"column":29}},"loc":{"start":{"line":70,"column":42},"end":{"line":77,"column":5}},"line":70},"9":{"name":"(anonymous_9)","decl":{"start":{"line":73,"column":25},"end":{"line":73,"column":26}},"loc":{"start":{"line":73,"column":33},"end":{"line":73,"column":51}},"line":73},"10":{"name":"(anonymous_10)","decl":{"start":{"line":74,"column":49},"end":{"line":74,"column":50}},"loc":{"start":{"line":74,"column":68},"end":{"line":76,"column":9}},"line":74},"11":{"name":"editTodo","decl":{"start":{"line":81,"column":19},"end":{"line":81,"column":27}},"loc":{"start":{"line":81,"column":54},"end":{"line":90,"column":5}},"line":81},"12":{"name":"(anonymous_12)","decl":{"start":{"line":84,"column":34},"end":{"line":84,"column":35}},"loc":{"start":{"line":84,"column":39},"end":{"line":84,"column":54}},"line":84},"13":{"name":"(anonymous_13)","decl":{"start":{"line":87,"column":49},"end":{"line":87,"column":50}},"loc":{"start":{"line":87,"column":68},"end":{"line":89,"column":9}},"line":87}},"branchMap":{"0":{"loc":{"start":{"line":16,"column":8},"end":{"line":21,"column":9}},"type":"if","locations":[{"start":{"line":16,"column":8},"end":{"line":21,"column":9}},{"start":{"line":19,"column":15},"end":{"line":21,"column":9}}],"line":16},"1":{"loc":{"start":{"line":28,"column":8},"end":{"line":32,"column":9}},"type":"if","locations":[{"start":{"line":28,"column":8},"end":{"line":32,"column":9}},{"start":{"line":30,"column":15},"end":{"line":32,"column":9}}],"line":28},"2":{"loc":{"start":{"line":28,"column":12},"end":{"line":28,"column":60}},"type":"binary-expr","locations":[{"start":{"line":28,"column":12},"end":{"line":28,"column":33}},{"start":{"line":28,"column":37},"end":{"line":28,"column":60}}],"line":28},"3":{"loc":{"start":{"line":39,"column":12},"end":{"line":39,"column":31}},"type":"if","locations":[{"start":{"line":39,"column":12},"end":{"line":39,"column":31}},{"start":{},"end":{}}],"line":39},"4":{"loc":{"start":{"line":48,"column":8},"end":{"line":52,"column":9}},"type":"if","locations":[{"start":{"line":48,"column":8},"end":{"line":52,"column":9}},{"start":{"line":50,"column":15},"end":{"line":52,"column":9}}],"line":48},"5":{"loc":{"start":{"line":64,"column":12},"end":{"line":64,"column":31}},"type":"if","locations":[{"start":{"line":64,"column":12},"end":{"line":64,"column":31}},{"start":{},"end":{}}],"line":64},"6":{"loc":{"start":{"line":75,"column":12},"end":{"line":75,"column":31}},"type":"if","locations":[{"start":{"line":75,"column":12},"end":{"line":75,"column":31}},{"start":{},"end":{}}],"line":75},"7":{"loc":{"start":{"line":88,"column":12},"end":{"line":88,"column":31}},"type":"if","locations":[{"start":{"line":88,"column":12},"end":{"line":88,"column":31}},{"start":{},"end":{}}],"line":88}},"s":{"0":1,"1":1,"2":1,"3":1,"4":1,"5":1,"6":1,"7":1,"8":1,"9":1,"10":1,"11":0,"12":1,"13":0,"14":0,"15":0,"16":0,"17":1,"18":0,"19":0,"20":0,"21":1,"22":0,"23":0,"24":0,"25":0,"26":0,"27":1,"28":0,"29":0,"30":0,"31":0,"32":0,"33":0,"34":0,"35":0,"36":1,"37":0,"38":0,"39":0,"40":0,"41":0,"42":0,"43":0,"44":1,"45":0,"46":0,"47":0,"48":0,"49":0,"50":0,"51":0,"52":0,"53":0,"54":1},"f":{"0":1,"1":1,"2":0,"3":0,"4":0,"5":0,"6":0,"7":0,"8":0,"9":0,"10":0,"11":0,"12":0,"13":0},"b":{"0":[1,0],"1":[0,0],"2":[0,0],"3":[0,0],"4":[0,0],"5":[0,0],"6":[0,0],"7":[0,0]},"_coverageSchema":"1a1c01bbd47fc00a2c39e90264f33305004495a9","hash":"5c1c50579125be785231f951733341fbf630348c"}
,"/home/gervais/Documents/__projects/class/testing/todo-express-test/tests/sum.js": {"path":"/home/gervais/Documents/__projects/class/testing/todo-express-test/tests/sum.js","statementMap":{"0":{"start":{"line":2,"column":4},"end":{"line":2,"column":16}},"1":{"start":{"line":5,"column":0},"end":{"line":5,"column":20}}},"fnMap":{"0":{"name":"sum","decl":{"start":{"line":1,"column":9},"end":{"line":1,"column":12}},"loc":{"start":{"line":1,"column":18},"end":{"line":3,"column":1}},"line":1}},"branchMap":{},"s":{"0":1,"1":1},"f":{"0":1},"b":{},"_coverageSchema":"1a1c01bbd47fc00a2c39e90264f33305004495a9","hash":"3d90cdfc7f3b82e8c22d87a99d96fd7db20d9de8"}
}
