{"/home/degide/Documents/PROJECTS/todo-express-test/app.js": {"path":"/home/degide/Documents/PROJECTS/todo-express-test/app.js","statementMap":{"0":{"start":{"line":1,"column":16},"end":{"line":1,"column":34}},"1":{"start":{"line":2,"column":12},"end":{"line":2,"column":21}},"2":{"start":{"line":3,"column":15},"end":{"line":3,"column":44}},"3":{"start":{"line":4,"column":16},"end":{"line":4,"column":42}},"4":{"start":{"line":5,"column":21},"end":{"line":5,"column":45}},"5":{"start":{"line":6,"column":17},"end":{"line":6,"column":36}},"6":{"start":{"line":7,"column":14},"end":{"line":7,"column":38}},"7":{"start":{"line":8,"column":27},"end":{"line":8,"column":47}},"8":{"start":{"line":9,"column":17},"end":{"line":9,"column":50}},"9":{"start":{"line":11,"column":13},"end":{"line":11,"column":46}},"10":{"start":{"line":12,"column":14},"end":{"line":12,"column":39}},"11":{"start":{"line":13,"column":14},"end":{"line":13,"column":38}},"12":{"start":{"line":15,"column":0},"end":{"line":15,"column":16}},"13":{"start":{"line":17,"column":0},"end":{"line":22,"column":4}},"14":{"start":{"line":23,"column":0},"end":{"line":23,"column":48}},"15":{"start":{"line":24,"column":0},"end":{"line":24,"column":23}},"16":{"start":{"line":25,"column":0},"end":{"line":25,"column":24}},"17":{"start":{"line":27,"column":0},"end":{"line":27,"column":31}},"18":{"start":{"line":28,"column":0},"end":{"line":28,"column":28}},"19":{"start":{"line":29,"column":0},"end":{"line":29,"column":42}},"20":{"start":{"line":31,"column":0},"end":{"line":31,"column":17}},"21":{"start":{"line":33,"column":0},"end":{"line":33,"column":45}},"22":{"start":{"line":34,"column":0},"end":{"line":34,"column":30}},"23":{"start":{"line":36,"column":0},"end":{"line":41,"column":2}},"24":{"start":{"line":37,"column":16},"end":{"line":37,"column":31}},"25":{"start":{"line":38,"column":4},"end":{"line":40,"column":6}},"26":{"start":{"line":42,"column":0},"end":{"line":44,"column":2}},"27":{"start":{"line":43,"column":2},"end":{"line":43,"column":21}},"28":{"start":{"line":46,"column":0},"end":{"line":50,"column":2}},"29":{"start":{"line":47,"column":2},"end":{"line":47,"column":40}},"30":{"start":{"line":48,"column":2},"end":{"line":48,"column":37}},"31":{"start":{"line":49,"column":2},"end":{"line":49,"column":9}},"32":{"start":{"line":52,"column":0},"end":{"line":52,"column":24}},"33":{"start":{"line":53,"column":0},"end":{"line":53,"column":23}},"34":{"start":{"line":55,"column":0},"end":{"line":58,"column":1}}},"fnMap":{"0":{"name":"(anonymous_0)","decl":{"start":{"line":36,"column":13},"end":{"line":36,"column":14}},"loc":{"start":{"line":36,"column":27},"end":{"line":41,"column":1}},"line":36},"1":{"name":"(anonymous_1)","decl":{"start":{"line":42,"column":18},"end":{"line":42,"column":19}},"loc":{"start":{"line":42,"column":32},"end":{"line":44,"column":1}},"line":42},"2":{"name":"(anonymous_2)","decl":{"start":{"line":46,"column":8},"end":{"line":46,"column":9}},"loc":{"start":{"line":46,"column":33},"end":{"line":50,"column":1}},"line":46}},"branchMap":{"0":{"loc":{"start":{"line":11,"column":13},"end":{"line":11,"column":46}},"type":"binary-expr","locations":[{"start":{"line":11,"column":13},"end":{"line":11,"column":29}},{"start":{"line":11,"column":33},"end":{"line":11,"column":46}}],"line":11},"1":{"loc":{"start":{"line":48,"column":20},"end":{"line":48,"column":36}},"type":"binary-expr","locations":[{"start":{"line":48,"column":20},"end":{"line":48,"column":28}},{"start":{"line":48,"column":32},"end":{"line":48,"column":36}}],"line":48}},"s":{"0":1,"1":1,"2":1,"3":1,"4":1,"5":1,"6":1,"7":1,"8":1,"9":1,"10":1,"11":1,"12":1,"13":1,"14":1,"15":1,"16":1,"17":1,"18":1,"19":1,"20":1,"21":1,"22":1,"23":1,"24":0,"25":0,"26":1,"27":0,"28":1,"29":0,"30":0,"31":0,"32":1,"33":1,"34":1},"f":{"0":0,"1":0,"2":0},"b":{"0":[1,1],"1":[0,0]},"_coverageSchema":"1a1c01bbd47fc00a2c39e90264f33305004495a9","hash":"19032cd7c1e5c14eafd86a351aa8edc9b9a6c13e"}
,"/home/degide/Documents/PROJECTS/todo-express-test/controllers/auth.js": {"path":"/home/degide/Documents/PROJECTS/todo-express-test/controllers/auth.js","statementMap":{"0":{"start":{"line":1,"column":0},"end":{"line":17,"column":4}},"1":{"start":{"line":3,"column":6},"end":{"line":5,"column":7}},"2":{"start":{"line":4,"column":8},"end":{"line":4,"column":22}},"3":{"start":{"line":6,"column":6},"end":{"line":9,"column":7}},"4":{"start":{"line":12,"column":6},"end":{"line":14,"column":7}},"5":{"start":{"line":13,"column":8},"end":{"line":13,"column":22}},"6":{"start":{"line":15,"column":6},"end":{"line":15,"column":28}}},"fnMap":{"0":{"name":"(anonymous_0)","decl":{"start":{"line":2,"column":21},"end":{"line":2,"column":22}},"loc":{"start":{"line":2,"column":46},"end":{"line":10,"column":5}},"line":2},"1":{"name":"(anonymous_1)","decl":{"start":{"line":11,"column":22},"end":{"line":11,"column":23}},"loc":{"start":{"line":11,"column":47},"end":{"line":16,"column":5}},"line":11}},"branchMap":{"0":{"loc":{"start":{"line":3,"column":6},"end":{"line":5,"column":7}},"type":"if","locations":[{"start":{"line":3,"column":6},"end":{"line":5,"column":7}},{"start":{},"end":{}}],"line":3},"1":{"loc":{"start":{"line":12,"column":6},"end":{"line":14,"column":7}},"type":"if","locations":[{"start":{"line":12,"column":6},"end":{"line":14,"column":7}},{"start":{},"end":{}}],"line":12}},"s":{"0":1,"1":0,"2":0,"3":0,"4":0,"5":0,"6":0},"f":{"0":0,"1":0},"b":{"0":[0,0],"1":[0,0]},"_coverageSchema":"1a1c01bbd47fc00a2c39e90264f33305004495a9","hash":"73785d83bd5bae463ed6f411356993591a64ae4d"}
,"/home/degide/Documents/PROJECTS/todo-express-test/controllers/config.js": {"path":"/home/degide/Documents/PROJECTS/todo-express-test/controllers/config.js","statementMap":{"0":{"start":{"line":1,"column":22},"end":{"line":1,"column":56}},"1":{"start":{"line":2,"column":30},"end":{"line":2,"column":51}},"2":{"start":{"line":3,"column":17},"end":{"line":3,"column":44}},"3":{"start":{"line":5,"column":0},"end":{"line":32,"column":1}},"4":{"start":{"line":6,"column":4},"end":{"line":22,"column":5}},"5":{"start":{"line":8,"column":25},"end":{"line":8,"column":52}},"6":{"start":{"line":9,"column":12},"end":{"line":20,"column":14}},"7":{"start":{"line":10,"column":16},"end":{"line":12,"column":22}},"8":{"start":{"line":10,"column":28},"end":{"line":12,"column":22}},"9":{"start":{"line":13,"column":16},"end":{"line":19,"column":17}},"10":{"start":{"line":14,"column":20},"end":{"line":14,"column":45}},"11":{"start":{"line":16,"column":20},"end":{"line":18,"column":22}},"12":{"start":{"line":23,"column":4},"end":{"line":25,"column":9}},"13":{"start":{"line":24,"column":8},"end":{"line":24,"column":28}},"14":{"start":{"line":27,"column":6},"end":{"line":31,"column":9}},"15":{"start":{"line":28,"column":8},"end":{"line":30,"column":11}},"16":{"start":{"line":29,"column":10},"end":{"line":29,"column":26}}},"fnMap":{"0":{"name":"(anonymous_0)","decl":{"start":{"line":5,"column":17},"end":{"line":5,"column":18}},"loc":{"start":{"line":5,"column":36},"end":{"line":32,"column":1}},"line":5},"1":{"name":"(anonymous_1)","decl":{"start":{"line":7,"column":54},"end":{"line":7,"column":55}},"loc":{"start":{"line":7,"column":81},"end":{"line":21,"column":9}},"line":7},"2":{"name":"(anonymous_2)","decl":{"start":{"line":9,"column":46},"end":{"line":9,"column":47}},"loc":{"start":{"line":9,"column":55},"end":{"line":20,"column":13}},"line":9},"3":{"name":"(anonymous_3)","decl":{"start":{"line":23,"column":27},"end":{"line":23,"column":28}},"loc":{"start":{"line":23,"column":48},"end":{"line":25,"column":7}},"line":23},"4":{"name":"(anonymous_4)","decl":{"start":{"line":27,"column":31},"end":{"line":27,"column":32}},"loc":{"start":{"line":27,"column":50},"end":{"line":31,"column":7}},"line":27},"5":{"name":"(anonymous_5)","decl":{"start":{"line":28,"column":26},"end":{"line":28,"column":27}},"loc":{"start":{"line":28,"column":46},"end":{"line":30,"column":9}},"line":28}},"branchMap":{"0":{"loc":{"start":{"line":10,"column":16},"end":{"line":12,"column":22}},"type":"if","locations":[{"start":{"line":10,"column":16},"end":{"line":12,"column":22}},{"start":{},"end":{}}],"line":10},"1":{"loc":{"start":{"line":13,"column":16},"end":{"line":19,"column":17}},"type":"if","locations":[{"start":{"line":13,"column":16},"end":{"line":19,"column":17}},{"start":{"line":15,"column":23},"end":{"line":19,"column":17}}],"line":13},"2":{"loc":{"start":{"line":13,"column":20},"end":{"line":13,"column":70}},"type":"binary-expr","locations":[{"start":{"line":13,"column":20},"end":{"line":13,"column":41}},{"start":{"line":13,"column":45},"end":{"line":13,"column":70}}],"line":13}},"s":{"0":1,"1":1,"2":1,"3":1,"4":1,"5":0,"6":0,"7":0,"8":0,"9":0,"10":0,"11":0,"12":1,"13":0,"14":1,"15":0,"16":0},"f":{"0":1,"1":0,"2":0,"3":0,"4":0,"5":0},"b":{"0":[0,0],"1":[0,0],"2":[0,0]},"_coverageSchema":"1a1c01bbd47fc00a2c39e90264f33305004495a9","hash":"f2c796b78c7c36291c1923b7e29c92007d81d60e"}
,"/home/degide/Documents/PROJECTS/todo-express-test/controllers/function.js": {"path":"/home/degide/Documents/PROJECTS/todo-express-test/controllers/function.js","statementMap":{"0":{"start":{"line":1,"column":15},"end":{"line":1,"column":32}},"1":{"start":{"line":2,"column":13},"end":{"line":2,"column":85}},"2":{"start":{"line":4,"column":26},"end":{"line":8,"column":1}},"3":{"start":{"line":5,"column":19},"end":{"line":5,"column":46}},"4":{"start":{"line":6,"column":17},"end":{"line":6,"column":57}},"5":{"start":{"line":7,"column":4},"end":{"line":7,"column":16}},"6":{"start":{"line":10,"column":26},"end":{"line":12,"column":1}},"7":{"start":{"line":11,"column":4},"end":{"line":11,"column":50}},"8":{"start":{"line":15,"column":19},"end":{"line":15,"column":21}},"9":{"start":{"line":16,"column":4},"end":{"line":16,"column":93}},"10":{"start":{"line":16,"column":17},"end":{"line":16,"column":18}},"11":{"start":{"line":16,"column":34},"end":{"line":16,"column":93}},"12":{"start":{"line":17,"column":4},"end":{"line":17,"column":27}},"13":{"start":{"line":20,"column":0},"end":{"line":20,"column":69}}},"fnMap":{"0":{"name":"(anonymous_0)","decl":{"start":{"line":4,"column":26},"end":{"line":4,"column":27}},"loc":{"start":{"line":4,"column":40},"end":{"line":8,"column":1}},"line":4},"1":{"name":"(anonymous_1)","decl":{"start":{"line":10,"column":26},"end":{"line":10,"column":27}},"loc":{"start":{"line":10,"column":32},"end":{"line":12,"column":1}},"line":10},"2":{"name":"randomText","decl":{"start":{"line":14,"column":9},"end":{"line":14,"column":19}},"loc":{"start":{"line":14,"column":25},"end":{"line":18,"column":1}},"line":14}},"branchMap":{},"s":{"0":1,"1":1,"2":1,"3":0,"4":0,"5":0,"6":1,"7":0,"8":0,"9":0,"10":0,"11":0,"12":0,"13":1},"f":{"0":0,"1":0,"2":0},"b":{},"_coverageSchema":"1a1c01bbd47fc00a2c39e90264f33305004495a9","hash":"b9867d8e16809fbd59836a5a4b1903ad90c54dae"}
,"/home/degide/Documents/PROJECTS/todo-express-test/controllers/settings.js": {"path":"/home/degide/Documents/PROJECTS/todo-express-test/controllers/settings.js","statementMap":{"0":{"start":{"line":1,"column":0},"end":{"line":7,"column":1}}},"fnMap":{},"branchMap":{},"s":{"0":1},"f":{},"b":{},"_coverageSchema":"1a1c01bbd47fc00a2c39e90264f33305004495a9","hash":"87631bee06c361148819a404f61bc82e9b764805"}
,"/home/degide/Documents/PROJECTS/todo-express-test/controllers/user.js": {"path":"/home/degide/Documents/PROJECTS/todo-express-test/controllers/user.js","statementMap":{"0":{"start":{"line":1,"column":79},"end":{"line":1,"column":109}},"1":{"start":{"line":2,"column":28},"end":{"line":2,"column":49}},"2":{"start":{"line":5,"column":4},"end":{"line":46,"column":5}},"3":{"start":{"line":6,"column":56},"end":{"line":6,"column":64}},"4":{"start":{"line":7,"column":8},"end":{"line":13,"column":9}},"5":{"start":{"line":8,"column":12},"end":{"line":11,"column":15}},"6":{"start":{"line":12,"column":12},"end":{"line":12,"column":18}},"7":{"start":{"line":14,"column":8},"end":{"line":20,"column":9}},"8":{"start":{"line":15,"column":12},"end":{"line":18,"column":15}},"9":{"start":{"line":19,"column":12},"end":{"line":19,"column":18}},"10":{"start":{"line":21,"column":8},"end":{"line":43,"column":9}},"11":{"start":{"line":22,"column":27},"end":{"line":22,"column":50}},"12":{"start":{"line":23,"column":12},"end":{"line":29,"column":13}},"13":{"start":{"line":24,"column":16},"end":{"line":27,"column":18}},"14":{"start":{"line":28,"column":16},"end":{"line":28,"column":22}},"15":{"start":{"line":30,"column":33},"end":{"line":30,"column":60}},"16":{"start":{"line":31,"column":12},"end":{"line":31,"column":51}},"17":{"start":{"line":32,"column":12},"end":{"line":35,"column":15}},"18":{"start":{"line":36,"column":12},"end":{"line":36,"column":18}},"19":{"start":{"line":38,"column":12},"end":{"line":41,"column":15}},"20":{"start":{"line":42,"column":12},"end":{"line":42,"column":18}},"21":{"start":{"line":45,"column":8},"end":{"line":45,"column":24}},"22":{"start":{"line":50,"column":4},"end":{"line":63,"column":5}},"23":{"start":{"line":51,"column":33},"end":{"line":51,"column":41}},"24":{"start":{"line":52,"column":8},"end":{"line":58,"column":9}},"25":{"start":{"line":53,"column":12},"end":{"line":56,"column":14}},"26":{"start":{"line":57,"column":12},"end":{"line":57,"column":18}},"27":{"start":{"line":59,"column":8},"end":{"line":59,"column":47}},"28":{"start":{"line":60,"column":8},"end":{"line":60,"column":29}},"29":{"start":{"line":62,"column":8},"end":{"line":62,"column":24}},"30":{"start":{"line":67,"column":4},"end":{"line":72,"column":5}},"31":{"start":{"line":68,"column":8},"end":{"line":68,"column":44}},"32":{"start":{"line":69,"column":8},"end":{"line":69,"column":29}},"33":{"start":{"line":71,"column":8},"end":{"line":71,"column":26}},"34":{"start":{"line":76,"column":4},"end":{"line":82,"column":5}},"35":{"start":{"line":77,"column":37},"end":{"line":77,"column":45}},"36":{"start":{"line":78,"column":8},"end":{"line":78,"column":58}},"37":{"start":{"line":79,"column":8},"end":{"line":79,"column":29}},"38":{"start":{"line":81,"column":8},"end":{"line":81,"column":26}},"39":{"start":{"line":86,"column":4},"end":{"line":100,"column":5}},"40":{"start":{"line":87,"column":17},"end":{"line":87,"column":28}},"41":{"start":{"line":88,"column":23},"end":{"line":88,"column":31}},"42":{"start":{"line":89,"column":8},"end":{"line":97,"column":9}},"43":{"start":{"line":90,"column":12},"end":{"line":90,"column":26}},"44":{"start":{"line":91,"column":12},"end":{"line":94,"column":15}},"45":{"start":{"line":96,"column":12},"end":{"line":96,"column":33}},"46":{"start":{"line":99,"column":8},"end":{"line":99,"column":26}},"47":{"start":{"line":103,"column":0},"end":{"line":103,"column":95}}},"fnMap":{"0":{"name":"registerUser","decl":{"start":{"line":4,"column":15},"end":{"line":4,"column":27}},"loc":{"start":{"line":4,"column":38},"end":{"line":47,"column":1}},"line":4},"1":{"name":"addTodoUser","decl":{"start":{"line":49,"column":15},"end":{"line":49,"column":26}},"loc":{"start":{"line":49,"column":37},"end":{"line":64,"column":1}},"line":49},"2":{"name":"deleteTodoUser","decl":{"start":{"line":66,"column":15},"end":{"line":66,"column":29}},"loc":{"start":{"line":66,"column":40},"end":{"line":73,"column":1}},"line":66},"3":{"name":"editTodoUser","decl":{"start":{"line":75,"column":15},"end":{"line":75,"column":27}},"loc":{"start":{"line":75,"column":38},"end":{"line":83,"column":1}},"line":75},"4":{"name":"deleteUserAccount","decl":{"start":{"line":85,"column":15},"end":{"line":85,"column":32}},"loc":{"start":{"line":85,"column":43},"end":{"line":101,"column":1}},"line":85}},"branchMap":{"0":{"loc":{"start":{"line":7,"column":8},"end":{"line":13,"column":9}},"type":"if","locations":[{"start":{"line":7,"column":8},"end":{"line":13,"column":9}},{"start":{},"end":{}}],"line":7},"1":{"loc":{"start":{"line":7,"column":11},"end":{"line":7,"column":79}},"type":"binary-expr","locations":[{"start":{"line":7,"column":11},"end":{"line":7,"column":21}},{"start":{"line":7,"column":25},"end":{"line":7,"column":36}},{"start":{"line":7,"column":40},"end":{"line":7,"column":54}},{"start":{"line":7,"column":58},"end":{"line":7,"column":79}}],"line":7},"2":{"loc":{"start":{"line":14,"column":8},"end":{"line":20,"column":9}},"type":"if","locations":[{"start":{"line":14,"column":8},"end":{"line":20,"column":9}},{"start":{},"end":{}}],"line":14},"3":{"loc":{"start":{"line":14,"column":11},"end":{"line":14,"column":53}},"type":"binary-expr","locations":[{"start":{"line":14,"column":11},"end":{"line":14,"column":30}},{"start":{"line":14,"column":34},"end":{"line":14,"column":53}}],"line":14},"4":{"loc":{"start":{"line":21,"column":8},"end":{"line":43,"column":9}},"type":"if","locations":[{"start":{"line":21,"column":8},"end":{"line":43,"column":9}},{"start":{"line":37,"column":15},"end":{"line":43,"column":9}}],"line":21},"5":{"loc":{"start":{"line":23,"column":12},"end":{"line":29,"column":13}},"type":"if","locations":[{"start":{"line":23,"column":12},"end":{"line":29,"column":13}},{"start":{},"end":{}}],"line":23},"6":{"loc":{"start":{"line":52,"column":8},"end":{"line":58,"column":9}},"type":"if","locations":[{"start":{"line":52,"column":8},"end":{"line":58,"column":9}},{"start":{},"end":{}}],"line":52},"7":{"loc":{"start":{"line":52,"column":12},"end":{"line":52,"column":40}},"type":"binary-expr","locations":[{"start":{"line":52,"column":12},"end":{"line":52,"column":23}},{"start":{"line":52,"column":27},"end":{"line":52,"column":40}}],"line":52},"8":{"loc":{"start":{"line":89,"column":8},"end":{"line":97,"column":9}},"type":"if","locations":[{"start":{"line":89,"column":8},"end":{"line":97,"column":9}},{"start":{"line":95,"column":15},"end":{"line":97,"column":9}}],"line":89}},"s":{"0":1,"1":1,"2":0,"3":0,"4":0,"5":0,"6":0,"7":0,"8":0,"9":0,"10":0,"11":0,"12":0,"13":0,"14":0,"15":0,"16":0,"17":0,"18":0,"19":0,"20":0,"21":0,"22":0,"23":0,"24":0,"25":0,"26":0,"27":0,"28":0,"29":0,"30":0,"31":0,"32":0,"33":0,"34":0,"35":0,"36":0,"37":0,"38":0,"39":0,"40":0,"41":0,"42":0,"43":0,"44":0,"45":0,"46":0,"47":1},"f":{"0":0,"1":0,"2":0,"3":0,"4":0},"b":{"0":[0,0],"1":[0,0,0,0],"2":[0,0],"3":[0,0],"4":[0,0],"5":[0,0],"6":[0,0],"7":[0,0],"8":[0,0]},"_coverageSchema":"1a1c01bbd47fc00a2c39e90264f33305004495a9","hash":"bd4589a2e5220ae98af7c232b92252e6c88685a3"}
,"/home/degide/Documents/PROJECTS/todo-express-test/mongodb/index.js": {"path":"/home/degide/Documents/PROJECTS/todo-express-test/mongodb/index.js","statementMap":{"0":{"start":{"line":1,"column":17},"end":{"line":1,"column":36}},"1":{"start":{"line":2,"column":17},"end":{"line":2,"column":51}},"2":{"start":{"line":5,"column":4},"end":{"line":8,"column":7}},"3":{"start":{"line":9,"column":15},"end":{"line":9,"column":34}},"4":{"start":{"line":10,"column":4},"end":{"line":10,"column":69}},"5":{"start":{"line":11,"column":4},"end":{"line":13,"column":7}},"6":{"start":{"line":12,"column":6},"end":{"line":12,"column":51}},"7":{"start":{"line":16,"column":0},"end":{"line":16,"column":46}}},"fnMap":{"0":{"name":"connectMongoDb","decl":{"start":{"line":4,"column":9},"end":{"line":4,"column":23}},"loc":{"start":{"line":4,"column":26},"end":{"line":14,"column":1}},"line":4},"1":{"name":"(anonymous_1)","decl":{"start":{"line":11,"column":20},"end":{"line":11,"column":21}},"loc":{"start":{"line":11,"column":26},"end":{"line":13,"column":5}},"line":11}},"branchMap":{},"s":{"0":1,"1":1,"2":1,"3":1,"4":1,"5":1,"6":0,"7":1},"f":{"0":1,"1":0},"b":{},"_coverageSchema":"1a1c01bbd47fc00a2c39e90264f33305004495a9","hash":"7cb4e1c3a6c8c53afbb053c5da48e8153ca20548"}
,"/home/degide/Documents/PROJECTS/todo-express-test/mongodb/model.js": {"path":"/home/degide/Documents/PROJECTS/todo-express-test/mongodb/model.js","statementMap":{"0":{"start":{"line":1,"column":17},"end":{"line":1,"column":36}},"1":{"start":{"line":3,"column":14},"end":{"line":8,"column":25}},"2":{"start":{"line":9,"column":0},"end":{"line":9,"column":52}}},"fnMap":{},"branchMap":{},"s":{"0":2,"1":2,"2":2},"f":{},"b":{},"_coverageSchema":"1a1c01bbd47fc00a2c39e90264f33305004495a9","hash":"f01883d167598a039d28a87ede60adccb598e36b"}
,"/home/degide/Documents/PROJECTS/todo-express-test/mongodb/services.js": {"path":"/home/degide/Documents/PROJECTS/todo-express-test/mongodb/services.js","statementMap":{"0":{"start":{"line":1,"column":17},"end":{"line":1,"column":44}},"1":{"start":{"line":2,"column":17},"end":{"line":2,"column":35}},"2":{"start":{"line":3,"column":15},"end":{"line":3,"column":41}},"3":{"start":{"line":4,"column":0},"end":{"line":4,"column":49}},"4":{"start":{"line":7,"column":18},"end":{"line":7,"column":70}},"5":{"start":{"line":8,"column":8},"end":{"line":8,"column":30}},"6":{"start":{"line":10,"column":4},"end":{"line":10,"column":42}},"7":{"start":{"line":13,"column":20},"end":{"line":13,"column":54}},"8":{"start":{"line":14,"column":8},"end":{"line":19,"column":9}},"9":{"start":{"line":15,"column":12},"end":{"line":15,"column":36}},"10":{"start":{"line":16,"column":12},"end":{"line":16,"column":30}},"11":{"start":{"line":18,"column":12},"end":{"line":18,"column":24}},"12":{"start":{"line":21,"column":4},"end":{"line":21,"column":42}},"13":{"start":{"line":24,"column":20},"end":{"line":24,"column":54}},"14":{"start":{"line":25,"column":8},"end":{"line":29,"column":9}},"15":{"start":{"line":26,"column":12},"end":{"line":26,"column":23}},"16":{"start":{"line":28,"column":12},"end":{"line":28,"column":24}},"17":{"start":{"line":31,"column":4},"end":{"line":31,"column":40}},"18":{"start":{"line":34,"column":8},"end":{"line":36,"column":10}},"19":{"start":{"line":35,"column":12},"end":{"line":35,"column":31}},"20":{"start":{"line":35,"column":21},"end":{"line":35,"column":31}},"21":{"start":{"line":38,"column":4},"end":{"line":38,"column":42}},"22":{"start":{"line":41,"column":20},"end":{"line":41,"column":56}},"23":{"start":{"line":42,"column":17},"end":{"line":42,"column":27}},"24":{"start":{"line":43,"column":8},"end":{"line":47,"column":9}},"25":{"start":{"line":44,"column":12},"end":{"line":44,"column":21}},"26":{"start":{"line":46,"column":12},"end":{"line":46,"column":24}},"27":{"start":{"line":49,"column":4},"end":{"line":49,"column":42}},"28":{"start":{"line":52,"column":21},"end":{"line":52,"column":64}},"29":{"start":{"line":53,"column":20},"end":{"line":53,"column":49}},"30":{"start":{"line":54,"column":20},"end":{"line":54,"column":30}},"31":{"start":{"line":55,"column":18},"end":{"line":55,"column":81}},"32":{"start":{"line":56,"column":8},"end":{"line":56,"column":23}},"33":{"start":{"line":57,"column":8},"end":{"line":59,"column":10}},"34":{"start":{"line":58,"column":12},"end":{"line":58,"column":31}},"35":{"start":{"line":58,"column":21},"end":{"line":58,"column":31}},"36":{"start":{"line":61,"column":4},"end":{"line":61,"column":42}},"37":{"start":{"line":64,"column":20},"end":{"line":64,"column":49}},"38":{"start":{"line":65,"column":18},"end":{"line":65,"column":28}},"39":{"start":{"line":66,"column":8},"end":{"line":66,"column":52}},"40":{"start":{"line":66,"column":33},"end":{"line":66,"column":51}},"41":{"start":{"line":67,"column":8},"end":{"line":69,"column":10}},"42":{"start":{"line":68,"column":12},"end":{"line":68,"column":31}},"43":{"start":{"line":68,"column":21},"end":{"line":68,"column":31}},"44":{"start":{"line":71,"column":4},"end":{"line":71,"column":42}},"45":{"start":{"line":74,"column":20},"end":{"line":74,"column":49}},"46":{"start":{"line":75,"column":18},"end":{"line":75,"column":28}},"47":{"start":{"line":76,"column":20},"end":{"line":76,"column":55}},"48":{"start":{"line":76,"column":39},"end":{"line":76,"column":54}},"49":{"start":{"line":77,"column":8},"end":{"line":77,"column":32}},"50":{"start":{"line":78,"column":8},"end":{"line":78,"column":34}},"51":{"start":{"line":79,"column":8},"end":{"line":81,"column":10}},"52":{"start":{"line":80,"column":12},"end":{"line":80,"column":31}},"53":{"start":{"line":80,"column":21},"end":{"line":80,"column":31}},"54":{"start":{"line":83,"column":4},"end":{"line":83,"column":38}}},"fnMap":{"0":{"name":"createUser","decl":{"start":{"line":6,"column":19},"end":{"line":6,"column":29}},"loc":{"start":{"line":6,"column":49},"end":{"line":9,"column":5}},"line":6},"1":{"name":"checkEmail","decl":{"start":{"line":12,"column":19},"end":{"line":12,"column":29}},"loc":{"start":{"line":12,"column":37},"end":{"line":20,"column":5}},"line":12},"2":{"name":"checkAuth","decl":{"start":{"line":23,"column":19},"end":{"line":23,"column":28}},"loc":{"start":{"line":23,"column":42},"end":{"line":30,"column":5}},"line":23},"3":{"name":"deleteUser","decl":{"start":{"line":33,"column":19},"end":{"line":33,"column":29}},"loc":{"start":{"line":33,"column":34},"end":{"line":37,"column":5}},"line":33},"4":{"name":"(anonymous_4)","decl":{"start":{"line":34,"column":34},"end":{"line":34,"column":35}},"loc":{"start":{"line":34,"column":53},"end":{"line":36,"column":9}},"line":34},"5":{"name":"getTodoAll","decl":{"start":{"line":40,"column":19},"end":{"line":40,"column":29}},"loc":{"start":{"line":40,"column":34},"end":{"line":48,"column":5}},"line":40},"6":{"name":"createTodo","decl":{"start":{"line":51,"column":19},"end":{"line":51,"column":29}},"loc":{"start":{"line":51,"column":48},"end":{"line":60,"column":5}},"line":51},"7":{"name":"(anonymous_7)","decl":{"start":{"line":57,"column":49},"end":{"line":57,"column":50}},"loc":{"start":{"line":57,"column":68},"end":{"line":59,"column":9}},"line":57},"8":{"name":"deleteTodo","decl":{"start":{"line":63,"column":19},"end":{"line":63,"column":29}},"loc":{"start":{"line":63,"column":42},"end":{"line":70,"column":5}},"line":63},"9":{"name":"(anonymous_9)","decl":{"start":{"line":66,"column":25},"end":{"line":66,"column":26}},"loc":{"start":{"line":66,"column":33},"end":{"line":66,"column":51}},"line":66},"10":{"name":"(anonymous_10)","decl":{"start":{"line":67,"column":49},"end":{"line":67,"column":50}},"loc":{"start":{"line":67,"column":68},"end":{"line":69,"column":9}},"line":67},"11":{"name":"editTodo","decl":{"start":{"line":73,"column":19},"end":{"line":73,"column":27}},"loc":{"start":{"line":73,"column":54},"end":{"line":82,"column":5}},"line":73},"12":{"name":"(anonymous_12)","decl":{"start":{"line":76,"column":34},"end":{"line":76,"column":35}},"loc":{"start":{"line":76,"column":39},"end":{"line":76,"column":54}},"line":76},"13":{"name":"(anonymous_13)","decl":{"start":{"line":79,"column":49},"end":{"line":79,"column":50}},"loc":{"start":{"line":79,"column":68},"end":{"line":81,"column":9}},"line":79}},"branchMap":{"0":{"loc":{"start":{"line":14,"column":8},"end":{"line":19,"column":9}},"type":"if","locations":[{"start":{"line":14,"column":8},"end":{"line":19,"column":9}},{"start":{"line":17,"column":15},"end":{"line":19,"column":9}}],"line":14},"1":{"loc":{"start":{"line":25,"column":8},"end":{"line":29,"column":9}},"type":"if","locations":[{"start":{"line":25,"column":8},"end":{"line":29,"column":9}},{"start":{"line":27,"column":15},"end":{"line":29,"column":9}}],"line":25},"2":{"loc":{"start":{"line":25,"column":12},"end":{"line":25,"column":60}},"type":"binary-expr","locations":[{"start":{"line":25,"column":12},"end":{"line":25,"column":33}},{"start":{"line":25,"column":37},"end":{"line":25,"column":60}}],"line":25},"3":{"loc":{"start":{"line":35,"column":12},"end":{"line":35,"column":31}},"type":"if","locations":[{"start":{"line":35,"column":12},"end":{"line":35,"column":31}},{"start":{},"end":{}}],"line":35},"4":{"loc":{"start":{"line":43,"column":8},"end":{"line":47,"column":9}},"type":"if","locations":[{"start":{"line":43,"column":8},"end":{"line":47,"column":9}},{"start":{"line":45,"column":15},"end":{"line":47,"column":9}}],"line":43},"5":{"loc":{"start":{"line":58,"column":12},"end":{"line":58,"column":31}},"type":"if","locations":[{"start":{"line":58,"column":12},"end":{"line":58,"column":31}},{"start":{},"end":{}}],"line":58},"6":{"loc":{"start":{"line":68,"column":12},"end":{"line":68,"column":31}},"type":"if","locations":[{"start":{"line":68,"column":12},"end":{"line":68,"column":31}},{"start":{},"end":{}}],"line":68},"7":{"loc":{"start":{"line":80,"column":12},"end":{"line":80,"column":31}},"type":"if","locations":[{"start":{"line":80,"column":12},"end":{"line":80,"column":31}},{"start":{},"end":{}}],"line":80}},"s":{"0":2,"1":2,"2":2,"3":2,"4":1,"5":1,"6":2,"7":0,"8":0,"9":0,"10":0,"11":0,"12":2,"13":0,"14":0,"15":0,"16":0,"17":2,"18":0,"19":0,"20":0,"21":2,"22":0,"23":0,"24":0,"25":0,"26":0,"27":2,"28":0,"29":0,"30":0,"31":0,"32":0,"33":0,"34":0,"35":0,"36":2,"37":0,"38":0,"39":0,"40":0,"41":0,"42":0,"43":0,"44":2,"45":0,"46":0,"47":0,"48":0,"49":0,"50":0,"51":0,"52":0,"53":0,"54":2},"f":{"0":1,"1":0,"2":0,"3":0,"4":0,"5":0,"6":0,"7":0,"8":0,"9":0,"10":0,"11":0,"12":0,"13":0},"b":{"0":[0,0],"1":[0,0],"2":[0,0],"3":[0,0],"4":[0,0],"5":[0,0],"6":[0,0],"7":[0,0]},"_coverageSchema":"1a1c01bbd47fc00a2c39e90264f33305004495a9","hash":"be1d894defcc119af228466946d7737a9cef9aba"}
,"/home/degide/Documents/PROJECTS/todo-express-test/router/todo.js": {"path":"/home/degide/Documents/PROJECTS/todo-express-test/router/todo.js","statementMap":{"0":{"start":{"line":1,"column":16},"end":{"line":1,"column":34}},"1":{"start":{"line":2,"column":15},"end":{"line":2,"column":31}},"2":{"start":{"line":4,"column":28},"end":{"line":4,"column":58}},"3":{"start":{"line":5,"column":23},"end":{"line":5,"column":53}},"4":{"start":{"line":6,"column":54},"end":{"line":6,"column":84}},"5":{"start":{"line":8,"column":0},"end":{"line":17,"column":2}},"6":{"start":{"line":9,"column":13},"end":{"line":9,"column":42}},"7":{"start":{"line":10,"column":4},"end":{"line":16,"column":5}},"8":{"start":{"line":11,"column":8},"end":{"line":13,"column":10}},"9":{"start":{"line":15,"column":8},"end":{"line":15,"column":41}},"10":{"start":{"line":18,"column":0},"end":{"line":18,"column":46}},"11":{"start":{"line":20,"column":0},"end":{"line":22,"column":3}},"12":{"start":{"line":21,"column":4},"end":{"line":21,"column":27}},"13":{"start":{"line":24,"column":0},"end":{"line":24,"column":55}},"14":{"start":{"line":26,"column":0},"end":{"line":30,"column":3}},"15":{"start":{"line":27,"column":4},"end":{"line":29,"column":7}},"16":{"start":{"line":32,"column":0},"end":{"line":32,"column":51}},"17":{"start":{"line":34,"column":0},"end":{"line":34,"column":23}}},"fnMap":{"0":{"name":"(anonymous_0)","decl":{"start":{"line":8,"column":33},"end":{"line":8,"column":34}},"loc":{"start":{"line":8,"column":52},"end":{"line":17,"column":1}},"line":8},"1":{"name":"(anonymous_1)","decl":{"start":{"line":20,"column":36},"end":{"line":20,"column":37}},"loc":{"start":{"line":20,"column":49},"end":{"line":22,"column":1}},"line":20},"2":{"name":"(anonymous_2)","decl":{"start":{"line":26,"column":41},"end":{"line":26,"column":42}},"loc":{"start":{"line":26,"column":54},"end":{"line":30,"column":1}},"line":26}},"branchMap":{"0":{"loc":{"start":{"line":10,"column":4},"end":{"line":16,"column":5}},"type":"if","locations":[{"start":{"line":10,"column":4},"end":{"line":16,"column":5}},{"start":{"line":14,"column":11},"end":{"line":16,"column":5}}],"line":10}},"s":{"0":1,"1":1,"2":1,"3":1,"4":1,"5":1,"6":0,"7":0,"8":0,"9":0,"10":1,"11":1,"12":0,"13":1,"14":1,"15":0,"16":1,"17":1},"f":{"0":0,"1":0,"2":0},"b":{"0":[0,0]},"_coverageSchema":"1a1c01bbd47fc00a2c39e90264f33305004495a9","hash":"f3830e7bd910a7641df2f09034cd8e11bff7d275"}
,"/home/degide/Documents/PROJECTS/todo-express-test/router/users.js": {"path":"/home/degide/Documents/PROJECTS/todo-express-test/router/users.js","statementMap":{"0":{"start":{"line":1,"column":16},"end":{"line":1,"column":34}},"1":{"start":{"line":2,"column":15},"end":{"line":2,"column":31}},"2":{"start":{"line":3,"column":17},"end":{"line":3,"column":36}},"3":{"start":{"line":5,"column":44},"end":{"line":5,"column":74}},"4":{"start":{"line":6,"column":29},"end":{"line":6,"column":59}},"5":{"start":{"line":8,"column":0},"end":{"line":10,"column":3}},"6":{"start":{"line":9,"column":4},"end":{"line":9,"column":27}},"7":{"start":{"line":11,"column":0},"end":{"line":11,"column":38}},"8":{"start":{"line":13,"column":0},"end":{"line":15,"column":2}},"9":{"start":{"line":14,"column":4},"end":{"line":14,"column":23}},"10":{"start":{"line":16,"column":0},"end":{"line":23,"column":3}},"11":{"start":{"line":17,"column":4},"end":{"line":22,"column":23}},"12":{"start":{"line":25,"column":0},"end":{"line":28,"column":3}},"13":{"start":{"line":26,"column":4},"end":{"line":26,"column":17}},"14":{"start":{"line":27,"column":4},"end":{"line":27,"column":33}},"15":{"start":{"line":30,"column":0},"end":{"line":32,"column":2}},"16":{"start":{"line":31,"column":4},"end":{"line":31,"column":24}},"17":{"start":{"line":33,"column":0},"end":{"line":33,"column":41}},"18":{"start":{"line":35,"column":0},"end":{"line":35,"column":23}}},"fnMap":{"0":{"name":"(anonymous_0)","decl":{"start":{"line":8,"column":42},"end":{"line":8,"column":43}},"loc":{"start":{"line":8,"column":56},"end":{"line":10,"column":1}},"line":8},"1":{"name":"(anonymous_1)","decl":{"start":{"line":13,"column":39},"end":{"line":13,"column":40}},"loc":{"start":{"line":13,"column":53},"end":{"line":15,"column":1}},"line":13},"2":{"name":"(anonymous_2)","decl":{"start":{"line":16,"column":22},"end":{"line":16,"column":23}},"loc":{"start":{"line":16,"column":42},"end":{"line":23,"column":1}},"line":16},"3":{"name":"(anonymous_3)","decl":{"start":{"line":25,"column":22},"end":{"line":25,"column":23}},"loc":{"start":{"line":25,"column":35},"end":{"line":28,"column":1}},"line":25},"4":{"name":"(anonymous_4)","decl":{"start":{"line":30,"column":22},"end":{"line":30,"column":23}},"loc":{"start":{"line":30,"column":36},"end":{"line":32,"column":1}},"line":30}},"branchMap":{},"s":{"0":1,"1":1,"2":1,"3":1,"4":1,"5":1,"6":0,"7":1,"8":1,"9":0,"10":1,"11":0,"12":1,"13":0,"14":0,"15":1,"16":0,"17":1,"18":1},"f":{"0":0,"1":0,"2":0,"3":0,"4":0},"b":{},"_coverageSchema":"1a1c01bbd47fc00a2c39e90264f33305004495a9","hash":"afe5532571017395390f10e79adbf23ce1d435d8"}
,"/home/degide/Documents/PROJECTS/todo-express-test/tests/sum.js": {"path":"/home/degide/Documents/PROJECTS/todo-express-test/tests/sum.js","statementMap":{"0":{"start":{"line":2,"column":4},"end":{"line":2,"column":16}},"1":{"start":{"line":5,"column":0},"end":{"line":5,"column":20}}},"fnMap":{"0":{"name":"sum","decl":{"start":{"line":1,"column":9},"end":{"line":1,"column":12}},"loc":{"start":{"line":1,"column":18},"end":{"line":3,"column":1}},"line":1}},"branchMap":{},"s":{"0":1,"1":1},"f":{"0":1},"b":{},"_coverageSchema":"1a1c01bbd47fc00a2c39e90264f33305004495a9","hash":"98e7f5274a1c4b599c848ce25aaad01ca33cce46"}
}
