TN:
SF:mongodb\model.js
FNF:0
FNH:0
DA:1,1
DA:3,1
DA:9,1
LF:3
LH:3
BRF:0
BRH:0
end_of_record
TN:
SF:mongodb\services.js
FN:7,createUser
FN:14,checkEmail
FN:26,checkAuth
FN:37,deleteUser
FN:38,(anonymous_4)
FN:45,getTodoAll
FN:57,createTodo
FN:63,(anonymous_7)
FN:70,deleteTodo
FN:73,(anonymous_9)
FN:81,editTodo
FN:84,(anonymous_11)
FN:87,(anonymous_12)
FNF:13
FNH:6
FNDA:1,createUser
FNDA:1,checkEmail
FNDA:2,checkAuth
FNDA:0,deleteUser
FNDA:0,(anonymous_4)
FNDA:2,getTodoAll
FNDA:0,createTodo
FNDA:0,(anonymous_7)
FNDA:2,deleteTodo
FNDA:4,(anonymous_9)
FNDA:0,editTodo
FNDA:0,(anonymous_11)
FNDA:0,(anonymous_12)
DA:1,1
DA:2,1
DA:3,1
DA:4,1
DA:8,1
DA:9,1
DA:11,1
DA:15,1
DA:16,1
DA:18,1
DA:20,0
DA:23,1
DA:27,2
DA:28,2
DA:29,0
DA:31,2
DA:34,1
DA:38,0
DA:39,0
DA:42,1
DA:46,2
DA:47,2
DA:48,2
DA:49,1
DA:51,1
DA:54,1
DA:58,0
DA:59,0
DA:60,0
DA:61,0
DA:62,0
DA:63,0
DA:64,0
DA:67,1
DA:71,2
DA:72,2
DA:73,4
DA:74,2
DA:75,2
DA:76,1
DA:78,1
DA:82,0
DA:83,0
DA:84,0
DA:85,0
DA:86,0
DA:87,0
DA:88,0
DA:91,1
LF:49
LH:31
BRDA:16,0,0,1
BRDA:16,0,1,0
BRDA:28,1,0,0
BRDA:28,1,1,2
BRDA:28,2,0,2
BRDA:28,2,1,1
BRDA:39,3,0,0
BRDA:39,3,1,0
BRDA:48,4,0,1
BRDA:48,4,1,1
BRDA:64,5,0,0
BRDA:64,5,1,0
BRDA:75,6,0,1
BRDA:75,6,1,1
BRDA:88,7,0,0
BRDA:88,7,1,0
BRF:16
BRH:8
end_of_record
TN:
SF:tests\sum.js
FN:1,sum
FNF:1
FNH:1
FNDA:1,sum
DA:2,1
DA:5,1
LF:2
LH:2
BRF:0
BRH:0
end_of_record
