TN:
SF:mongodb/model.js
FNF:0
FNH:0
DA:1,1
DA:3,1
DA:9,1
LF:3
LH:3
BRF:0
BRH:0
end_of_record
TN:
SF:mongodb/services.js
FN:7,createUser
FN:14,checkEmail
FN:26,checkAuth
FN:37,deleteUser
FN:38,(anonymous_4)
FN:45,getTodoAll
FN:57,createTodo
FN:63,(anonymous_7)
FN:70,deleteTodo
FN:73,(anonymous_9)
FN:74,(anonymous_10)
FN:81,editTodo
FN:84,(anonymous_12)
FN:87,(anonymous_13)
FNF:14
FNH:7
FNDA:1,createUser
FNDA:1,checkEmail
FNDA:0,checkAuth
FNDA:0,deleteUser
FNDA:0,(anonymous_4)
FNDA:0,getTodoAll
FNDA:1,createTodo
FNDA:1,(anonymous_7)
FNDA:0,deleteTodo
FNDA:0,(anonymous_9)
FNDA:0,(anonymous_10)
FNDA:1,editTodo
FNDA:4,(anonymous_12)
FNDA:1,(anonymous_13)
DA:1,1
DA:2,1
DA:3,1
DA:4,1
DA:8,1
DA:9,1
DA:11,1
DA:15,1
DA:16,1
DA:18,1
DA:20,0
DA:23,1
DA:27,0
DA:28,0
DA:29,0
DA:31,0
DA:34,1
DA:38,0
DA:39,0
DA:42,1
DA:46,0
DA:47,0
DA:48,0
DA:49,0
DA:51,0
DA:54,1
DA:58,1
DA:59,1
DA:60,1
DA:61,1
DA:62,1
DA:63,1
DA:64,1
DA:67,1
DA:71,0
DA:72,0
DA:73,0
DA:74,0
DA:75,0
DA:78,1
DA:82,1
DA:83,1
DA:84,4
DA:85,1
DA:86,1
DA:87,1
DA:88,1
DA:91,1
LF:48
LH:31
BRDA:16,0,0,1
BRDA:16,0,1,0
BRDA:28,1,0,0
BRDA:28,1,1,0
BRDA:28,2,0,0
BRDA:28,2,1,0
BRDA:39,3,0,0
BRDA:39,3,1,0
BRDA:48,4,0,0
BRDA:48,4,1,0
BRDA:64,5,0,0
BRDA:64,5,1,1
BRDA:75,6,0,0
BRDA:75,6,1,0
BRDA:88,7,0,0
BRDA:88,7,1,1
BRF:16
BRH:3
end_of_record
TN:
SF:tests/sum.js
FN:1,sum
FNF:1
FNH:1
FNDA:1,sum
DA:2,1
DA:5,1
LF:2
LH:2
BRF:0
BRH:0
end_of_record
